This is pdfTeX, Version 3.141592653-2.6-1.40.25 (TeX Live 2023/Debian) (preloaded format=pdflatex 2025.9.30)  12 DEC 2025 08:28
entering extended mode
 restricted \write18 enabled.
 %&-line parsing enabled.
**Final_project_report_Raihanul.tex
(./Final_project_report_Raihanul.tex
LaTeX2e <2023-11-01> patch level 1
L3 programming layer <2024-01-22>
(/usr/share/texlive/texmf-dist/tex/latex/base/article.cls
Document Class: article 2023/05/17 v1.4n Standard LaTeX document class
(/usr/share/texlive/texmf-dist/tex/latex/base/size12.clo
File: size12.clo 2023/05/17 v1.4n Standard LaTeX file (size option)
)
\c@part=\count187
\c@section=\count188
\c@subsection=\count189
\c@subsubsection=\count190
\c@paragraph=\count191
\c@subparagraph=\count192
\c@figure=\count193
\c@table=\count194
\abovecaptionskip=\skip48
\belowcaptionskip=\skip49
\bibindent=\dimen140
)
(/usr/share/texlive/texmf-dist/tex/latex/graphics/graphicx.sty
Package: graphicx 2021/09/16 v1.2d Enhanced LaTeX Graphics (DPC,SPQR)

(/usr/share/texlive/texmf-dist/tex/latex/graphics/keyval.sty
Package: keyval 2022/05/29 v1.15 key=value parser (DPC)
\KV@toks@=\toks17
)
(/usr/share/texlive/texmf-dist/tex/latex/graphics/graphics.sty
Package: graphics 2022/03/10 v1.4e Standard LaTeX Graphics (DPC,SPQR)

(/usr/share/texlive/texmf-dist/tex/latex/graphics/trig.sty
Package: trig 2021/08/11 v1.11 sin cos tan (DPC)
)
(/usr/share/texlive/texmf-dist/tex/latex/graphics-cfg/graphics.cfg
File: graphics.cfg 2016/06/04 v1.11 sample graphics configuration
)
Package graphics Info: Driver file: pdftex.def on input line 107.

(/usr/share/texlive/texmf-dist/tex/latex/graphics-def/pdftex.def
File: pdftex.def 2022/09/22 v1.2b Graphics/color driver for pdftex
))
\Gin@req@height=\dimen141
\Gin@req@width=\dimen142
)
(/usr/share/texlive/texmf-dist/tex/latex/amsmath/amsmath.sty
Package: amsmath 2023/05/13 v2.17o AMS math features
\@mathmargin=\skip50

For additional information on amsmath, use the `?' option.
(/usr/share/texlive/texmf-dist/tex/latex/amsmath/amstext.sty
Package: amstext 2021/08/26 v2.01 AMS text

(/usr/share/texlive/texmf-dist/tex/latex/amsmath/amsgen.sty
File: amsgen.sty 1999/11/30 v2.0 generic functions
\@emptytoks=\toks18
\ex@=\dimen143
))
(/usr/share/texlive/texmf-dist/tex/latex/amsmath/amsbsy.sty
Package: amsbsy 1999/11/29 v1.2d Bold Symbols
\pmbraise@=\dimen144
)
(/usr/share/texlive/texmf-dist/tex/latex/amsmath/amsopn.sty
Package: amsopn 2022/04/08 v2.04 operator names
)
\inf@bad=\count195
LaTeX Info: Redefining \frac on input line 234.
\uproot@=\count196
\leftroot@=\count197
LaTeX Info: Redefining \overline on input line 399.
LaTeX Info: Redefining \colon on input line 410.
\classnum@=\count198
\DOTSCASE@=\count199
LaTeX Info: Redefining \ldots on input line 496.
LaTeX Info: Redefining \dots on input line 499.
LaTeX Info: Redefining \cdots on input line 620.
\Mathstrutbox@=\box51
\strutbox@=\box52
LaTeX Info: Redefining \big on input line 722.
LaTeX Info: Redefining \Big on input line 723.
LaTeX Info: Redefining \bigg on input line 724.
LaTeX Info: Redefining \Bigg on input line 725.
\big@size=\dimen145
LaTeX Font Info:    Redeclaring font encoding OML on input line 743.
LaTeX Font Info:    Redeclaring font encoding OMS on input line 744.
\macc@depth=\count266
LaTeX Info: Redefining \bmod on input line 905.
LaTeX Info: Redefining \pmod on input line 910.
LaTeX Info: Redefining \smash on input line 940.
LaTeX Info: Redefining \relbar on input line 970.
LaTeX Info: Redefining \Relbar on input line 971.
\c@MaxMatrixCols=\count267
\dotsspace@=\muskip16
\c@parentequation=\count268
\dspbrk@lvl=\count269
\tag@help=\toks19
\row@=\count270
\column@=\count271
\maxfields@=\count272
\andhelp@=\toks20
\eqnshift@=\dimen146
\alignsep@=\dimen147
\tagshift@=\dimen148
\tagwidth@=\dimen149
\totwidth@=\dimen150
\lineht@=\dimen151
\@envbody=\toks21
\multlinegap=\skip51
\multlinetaggap=\skip52
\mathdisplay@stack=\toks22
LaTeX Info: Redefining \[ on input line 2953.
LaTeX Info: Redefining \] on input line 2954.
)
(/usr/share/texlive/texmf-dist/tex/latex/natbib/natbib.sty
Package: natbib 2010/09/13 8.31b (PWD, AO)
\bibhang=\skip53
\bibsep=\skip54
LaTeX Info: Redefining \cite on input line 694.
\c@NAT@ctr=\count273
)
(/usr/share/texlive/texmf-dist/tex/latex/geometry/geometry.sty
Package: geometry 2020/01/02 v5.9 Page Geometry

(/usr/share/texlive/texmf-dist/tex/generic/iftex/ifvtex.sty
Package: ifvtex 2019/10/25 v1.7 ifvtex legacy package. Use iftex instead.

(/usr/share/texlive/texmf-dist/tex/generic/iftex/iftex.sty
Package: iftex 2022/02/03 v1.0f TeX engine tests
))
\Gm@cnth=\count274
\Gm@cntv=\count275
\c@Gm@tempcnt=\count276
\Gm@bindingoffset=\dimen152
\Gm@wd@mp=\dimen153
\Gm@odd@mp=\dimen154
\Gm@even@mp=\dimen155
\Gm@layoutwidth=\dimen156
\Gm@layoutheight=\dimen157
\Gm@layouthoffset=\dimen158
\Gm@layoutvoffset=\dimen159
\Gm@dimlist=\toks23
)
(/usr/share/texlive/texmf-dist/tex/latex/caption/caption.sty
Package: caption 2023/08/05 v3.6o Customizing captions (AR)

(/usr/share/texlive/texmf-dist/tex/latex/caption/caption3.sty
Package: caption3 2023/07/31 v2.4d caption3 kernel (AR)
\caption@tempdima=\dimen160
\captionmargin=\dimen161
\caption@leftmargin=\dimen162
\caption@rightmargin=\dimen163
\caption@width=\dimen164
\caption@indent=\dimen165
\caption@parindent=\dimen166
\caption@hangindent=\dimen167
Package caption Info: Standard document class detected.
)
\c@caption@flags=\count277
\c@continuedfloat=\count278
)
(/usr/share/texlive/texmf-dist/tex/latex/l3backend/l3backend-pdftex.def
File: l3backend-pdftex.def 2024-01-04 L3 backend support: PDF output (pdfTeX)
\l__color_backend_stack_int=\count279
\l__pdf_internal_box=\box53
)
(./Final_project_report_Raihanul.aux)
\openout1 = `Final_project_report_Raihanul.aux'.

LaTeX Font Info:    Checking defaults for OML/cmm/m/it on input line 12.
LaTeX Font Info:    ... okay on input line 12.
LaTeX Font Info:    Checking defaults for OMS/cmsy/m/n on input line 12.
LaTeX Font Info:    ... okay on input line 12.
LaTeX Font Info:    Checking defaults for OT1/cmr/m/n on input line 12.
LaTeX Font Info:    ... okay on input line 12.
LaTeX Font Info:    Checking defaults for T1/cmr/m/n on input line 12.
LaTeX Font Info:    ... okay on input line 12.
LaTeX Font Info:    Checking defaults for TS1/cmr/m/n on input line 12.
LaTeX Font Info:    ... okay on input line 12.
LaTeX Font Info:    Checking defaults for OMX/cmex/m/n on input line 12.
LaTeX Font Info:    ... okay on input line 12.
LaTeX Font Info:    Checking defaults for U/cmr/m/n on input line 12.
LaTeX Font Info:    ... okay on input line 12.

(/usr/share/texlive/texmf-dist/tex/context/base/mkii/supp-pdf.mkii
[Loading MPS to PDF converter (version 2006.09.02).]
\scratchcounter=\count280
\scratchdimen=\dimen168
\scratchbox=\box54
\nofMPsegments=\count281
\nofMParguments=\count282
\everyMPshowfont=\toks24
\MPscratchCnt=\count283
\MPscratchDim=\dimen169
\MPnumerator=\count284
\makeMPintoPDFobject=\count285
\everyMPtoPDFconversion=\toks25
) (/usr/share/texlive/texmf-dist/tex/latex/epstopdf-pkg/epstopdf-base.sty
Package: epstopdf-base 2020-01-24 v2.11 Base part for package epstopdf
Package epstopdf-base Info: Redefining graphics rule for `.eps' on input line 4
85.

(/usr/share/texlive/texmf-dist/tex/latex/latexconfig/epstopdf-sys.cfg
File: epstopdf-sys.cfg 2010/07/13 v1.3 Configuration of (r)epstopdf for TeX Liv
e
))
*geometry* driver: auto-detecting
*geometry* detected driver: pdftex
*geometry* verbose mode - [ preamble ] result:
* driver: pdftex
* paper: <default>
* layout: <same size as paper>
* layoutoffset:(h,v)=(0.0pt,0.0pt)
* modes: 
* h-part:(L,W,R)=(72.26999pt, 469.75502pt, 72.26999pt)
* v-part:(T,H,B)=(72.26999pt, 650.43001pt, 72.26999pt)
* \paperwidth=614.295pt
* \paperheight=794.96999pt
* \textwidth=469.75502pt
* \textheight=650.43001pt
* \oddsidemargin=0.0pt
* \evensidemargin=0.0pt
* \topmargin=-37.0pt
* \headheight=12.0pt
* \headsep=25.0pt
* \topskip=12.0pt
* \footskip=30.0pt
* \marginparwidth=44.0pt
* \marginparsep=10.0pt
* \columnsep=10.0pt
* \skip\footins=10.8pt plus 4.0pt minus 2.0pt
* \hoffset=0.0pt
* \voffset=0.0pt
* \mag=1000
* \@twocolumnfalse
* \@twosidefalse
* \@mparswitchfalse
* \@reversemarginfalse
* (1in=72.27pt=25.4mm, 1cm=28.453pt)

Package caption Info: Begin \AtBeginDocument code.
Package caption Info: End \AtBeginDocument code.
[1

{/var/lib/texmf/fonts/map/pdftex/updmap/pdftex.map}]
<jamuna_stations.png, id=9, 381.46515pt x 504.80595pt>
File: jamuna_stations.png Graphic file (type png)
<use jamuna_stations.png>
Package pdftex.def Info: jamuna_stations.png  used on input line 47.
(pdftex.def)             Requested size: 352.31625pt x 466.26036pt.
<jamuna_Bahadurabad_dem.png, id=10, 348.3414pt x 368.0952pt>
File: jamuna_Bahadurabad_dem.png Graphic file (type png)
<use jamuna_Bahadurabad_dem.png>
Package pdftex.def Info: jamuna_Bahadurabad_dem.png  used on input line 54.
(pdftex.def)             Requested size: 375.80544pt x 397.1437pt.
<jamuna_Sirajganj_dem.png, id=11, 348.3414pt x 367.1316pt>
File: jamuna_Sirajganj_dem.png Graphic file (type png)
<use jamuna_Sirajganj_dem.png>
Package pdftex.def Info: jamuna_Sirajganj_dem.png  used on input line 61.
(pdftex.def)             Requested size: 375.80544pt x 396.10406pt.
 [2] [3 <./jamuna_stations.png>] [4 <./jamuna_Bahadurabad_dem.png>] [5 <./jamun
a_Sirajganj_dem.png>]
[6]
<jamuna_WL_1962_2017.png, id=34, 551.1792pt x 284.5029pt>
File: jamuna_WL_1962_2017.png Graphic file (type png)
<use jamuna_WL_1962_2017.png>
Package pdftex.def Info: jamuna_WL_1962_2017.png  used on input line 129.
(pdftex.def)             Requested size: 469.75502pt x 242.47977pt.
 [7 <./jamuna_WL_1962_2017.png>]
<Bahadurabad_WL_maxmin.png, id=39, 507.5763pt x 287.6346pt>
File: Bahadurabad_WL_maxmin.png Graphic file (type png)
<use Bahadurabad_WL_maxmin.png>
Package pdftex.def Info: Bahadurabad_WL_maxmin.png  used on input line 140.
(pdftex.def)             Requested size: 446.26582pt x 252.89537pt.
<Sirajganj_WL_maxmin.png, id=40, 507.5763pt x 287.6346pt>
File: Sirajganj_WL_maxmin.png Graphic file (type png)
<use Sirajganj_WL_maxmin.png>
Package pdftex.def Info: Sirajganj_WL_maxmin.png  used on input line 147.
(pdftex.def)             Requested size: 446.26582pt x 252.89537pt.
 [8 <./Bahadurabad_WL_maxmin.png>]
<annual_slope_linear_fit.png, id=44, 570.933pt x 281.853pt>
File: annual_slope_linear_fit.png Graphic file (type png)
<use annual_slope_linear_fit.png>
Package pdftex.def Info: annual_slope_linear_fit.png  used on input line 163.
(pdftex.def)             Requested size: 446.26582pt x 220.31754pt.
<slope_poly5_fit.png, id=46, 570.933pt x 281.6121pt>
File: slope_poly5_fit.png Graphic file (type png)
<use slope_poly5_fit.png>
Package pdftex.def Info: slope_poly5_fit.png  used on input line 175.
(pdftex.def)             Requested size: 399.29463pt x 196.95955pt.
 [9 <./Sirajganj_WL_maxmin.png>]
<slope_model_comparison.png, id=50, 570.933pt x 281.6121pt>
File: slope_model_comparison.png Graphic file (type png)
<use slope_model_comparison.png>
Package pdftex.def Info: slope_model_comparison.png  used on input line 197.
(pdftex.def)             Requested size: 422.77664pt x 208.54008pt.

Overfull \hbox (44.26324pt too wide) in paragraph at lines 203--204
\OT1/cmr/m/n/12 Figures 7[]-9[] were pro-duced in the Jupyter note-book \OT1/cm
tt/m/n/12 Future Water Level Slope Prediction.ipynb\OT1/cmr/m/n/12 .
 []

[10 <./annual_slope_linear_fit.png>] (./Final_project_report_Raihanul.bbl
Underfull \hbox (badness 7704) in paragraph at lines 32--40
[]\OT1/cmr/m/n/12 MD. Rai-hanul Is-lam, Shovon Mo-honto, and Fah-mida Noor.  Ev
o-lu-tion of
 []


Underfull \hbox (badness 8075) in paragraph at lines 32--40
\OT1/cmr/m/n/12 char lands in the padma river in bangladesh and its im-pacts on
 plan-
 []


Underfull \hbox (badness 4378) in paragraph at lines 32--40
\OT1/cmr/m/n/12 form mor-phol-ogy of the river.  \OT1/cmr/m/it/12 Re-sults in E
arth Sci-ences\OT1/cmr/m/n/12 , 3:100075, 2025.
 []


Underfull \hbox (badness 10000) in paragraph at lines 32--40
\OT1/cmr/m/n/12 ISSN 2211-7148.  doi: https://doi.org/10.1016/j.rines.2025.1000
75.  URL
 []

[11 <./slope_poly5_fit.png>]) [12 <./slope_model_comparison.png>]
(./Final_project_report_Raihanul.aux)
 ***********
LaTeX2e <2023-11-01> patch level 1
L3 programming layer <2024-01-22>
 ***********
 ) 
Here is how much of TeX's memory you used:
 4375 strings out of 476182
 72069 string characters out of 5795595
 1931975 words of memory out of 5000000
 26369 multiletter control sequences out of 15000+600000
 565215 words of font info for 61 fonts, out of 8000000 for 9000
 14 hyphenation exceptions out of 8191
 57i,6n,65p,943b,306s stack positions out of 10000i,1000n,20000p,200000b,200000s
 </home/raihanul/.texlive2023/texmf-var/fonts/pk/ljfour/jknappen/ec/tcrm1200.
600pk></usr/share/texlive/texmf-dist/fonts/type1/public/amsfonts/cm/cmbx12.pfb>
</usr/share/texlive/texmf-dist/fonts/type1/public/amsfonts/cm/cmex10.pfb></usr/
share/texlive/texmf-dist/fonts/type1/public/amsfonts/cm/cmmi12.pfb></usr/share/
texlive/texmf-dist/fonts/type1/public/amsfonts/cm/cmmi8.pfb></usr/share/texlive
/texmf-dist/fonts/type1/public/amsfonts/cm/cmr12.pfb></usr/share/texlive/texmf-
dist/fonts/type1/public/amsfonts/cm/cmr17.pfb></usr/share/texlive/texmf-dist/fo
nts/type1/public/amsfonts/cm/cmr8.pfb></usr/share/texlive/texmf-dist/fonts/type
1/public/amsfonts/cm/cmsy10.pfb></usr/share/texlive/texmf-dist/fonts/type1/publ
ic/amsfonts/cm/cmti12.pfb></usr/share/texlive/texmf-dist/fonts/type1/public/ams
fonts/cm/cmtt12.pfb>
Output written on Final_project_report_Raihanul.pdf (12 pages, 5329278 bytes).
PDF statistics:
 111 PDF objects out of 1000 (max. 8388607)
 63 compressed objects within 1 object stream
 0 named destinations out of 1000 (max. 500000)
 46 words of extra memory for PDF output out of 10000 (max. 10000000)

